Performing C SOURCE FILE Test CMAKE_HAVE_LIBC_PTHREAD failed with the following output:
Change Dir: /home/pioneernuc/robocomp/components/robocomp-pioneer/components/pioneer_monitor/CMakeFiles/CMakeTmp

Run Build Command(s):/usr/bin/make cmTC_7380c/fast && /usr/bin/make -f CMakeFiles/cmTC_7380c.dir/build.make CMakeFiles/cmTC_7380c.dir/build
make[1]: se entra en el directorio '/home/pioneernuc/robocomp/components/robocomp-pioneer/components/pioneer_monitor/CMakeFiles/CMakeTmp'
Building C object CMakeFiles/cmTC_7380c.dir/src.c.o
/usr/bin/cc   -DCMAKE_HAVE_LIBC_PTHREAD   -o CMakeFiles/cmTC_7380c.dir/src.c.o   -c /home/pioneernuc/robocomp/components/robocomp-pioneer/components/pioneer_monitor/CMakeFiles/CMakeTmp/src.c
Linking C executable cmTC_7380c
/usr/bin/cmake -E cmake_link_script CMakeFiles/cmTC_7380c.dir/link.txt --verbose=1
/usr/bin/cc  -DCMAKE_HAVE_LIBC_PTHREAD    CMakeFiles/cmTC_7380c.dir/src.c.o  -o cmTC_7380c 
/usr/bin/ld: CMakeFiles/cmTC_7380c.dir/src.c.o: en la función `main':
src.c:(.text+0x46): referencia a `pthread_create' sin definir
/usr/bin/ld: src.c:(.text+0x52): referencia a `pthread_detach' sin definir
/usr/bin/ld: src.c:(.text+0x63): referencia a `pthread_join' sin definir
collect2: error: ld returned 1 exit status
make[1]: *** [CMakeFiles/cmTC_7380c.dir/build.make:87: cmTC_7380c] Error 1
make[1]: se sale del directorio '/home/pioneernuc/robocomp/components/robocomp-pioneer/components/pioneer_monitor/CMakeFiles/CMakeTmp'
make: *** [Makefile:121: cmTC_7380c/fast] Error 2


Source file was:
#include <pthread.h>

void* test_func(void* data)
{
  return data;
}

int main(void)
{
  pthread_t thread;
  pthread_create(&thread, NULL, test_func, NULL);
  pthread_detach(thread);
  pthread_join(thread, NULL);
  pthread_atfork(NULL, NULL, NULL);
  pthread_exit(NULL);

  return 0;
}

Determining if the function pthread_create exists in the pthreads failed with the following output:
Change Dir: /home/pioneernuc/robocomp/components/robocomp-pioneer/components/pioneer_monitor/CMakeFiles/CMakeTmp

Run Build Command(s):/usr/bin/make cmTC_b2663/fast && /usr/bin/make -f CMakeFiles/cmTC_b2663.dir/build.make CMakeFiles/cmTC_b2663.dir/build
make[1]: se entra en el directorio '/home/pioneernuc/robocomp/components/robocomp-pioneer/components/pioneer_monitor/CMakeFiles/CMakeTmp'
Building C object CMakeFiles/cmTC_b2663.dir/CheckFunctionExists.c.o
/usr/bin/cc   -DCHECK_FUNCTION_EXISTS=pthread_create   -o CMakeFiles/cmTC_b2663.dir/CheckFunctionExists.c.o   -c /usr/share/cmake-3.16/Modules/CheckFunctionExists.c
Linking C executable cmTC_b2663
/usr/bin/cmake -E cmake_link_script CMakeFiles/cmTC_b2663.dir/link.txt --verbose=1
/usr/bin/cc  -DCHECK_FUNCTION_EXISTS=pthread_create    CMakeFiles/cmTC_b2663.dir/CheckFunctionExists.c.o  -o cmTC_b2663  -lpthreads 
/usr/bin/ld: no se puede encontrar -lpthreads
collect2: error: ld returned 1 exit status
make[1]: *** [CMakeFiles/cmTC_b2663.dir/build.make:87: cmTC_b2663] Error 1
make[1]: se sale del directorio '/home/pioneernuc/robocomp/components/robocomp-pioneer/components/pioneer_monitor/CMakeFiles/CMakeTmp'
make: *** [Makefile:121: cmTC_b2663/fast] Error 2



Performing C SOURCE FILE Test CMAKE_HAVE_LIBC_PTHREAD failed with the following output:
Change Dir: /home/pioneernuc/robocomp/components/robocomp-pioneer/components/pioneer_monitor/CMakeFiles/CMakeTmp

Run Build Command(s):/usr/bin/make cmTC_41d87/fast && /usr/bin/make -f CMakeFiles/cmTC_41d87.dir/build.make CMakeFiles/cmTC_41d87.dir/build
make[1]: se entra en el directorio '/home/pioneernuc/robocomp/components/robocomp-pioneer/components/pioneer_monitor/CMakeFiles/CMakeTmp'
Building C object CMakeFiles/cmTC_41d87.dir/src.c.o
/usr/bin/cc   -DCMAKE_HAVE_LIBC_PTHREAD   -o CMakeFiles/cmTC_41d87.dir/src.c.o   -c /home/pioneernuc/robocomp/components/robocomp-pioneer/components/pioneer_monitor/CMakeFiles/CMakeTmp/src.c
Linking C executable cmTC_41d87
/usr/bin/cmake -E cmake_link_script CMakeFiles/cmTC_41d87.dir/link.txt --verbose=1
/usr/bin/cc  -DCMAKE_HAVE_LIBC_PTHREAD    CMakeFiles/cmTC_41d87.dir/src.c.o  -o cmTC_41d87 
/usr/bin/ld: CMakeFiles/cmTC_41d87.dir/src.c.o: en la función `main':
src.c:(.text+0x46): referencia a `pthread_create' sin definir
/usr/bin/ld: src.c:(.text+0x52): referencia a `pthread_detach' sin definir
/usr/bin/ld: src.c:(.text+0x63): referencia a `pthread_join' sin definir
collect2: error: ld returned 1 exit status
make[1]: *** [CMakeFiles/cmTC_41d87.dir/build.make:87: cmTC_41d87] Error 1
make[1]: se sale del directorio '/home/pioneernuc/robocomp/components/robocomp-pioneer/components/pioneer_monitor/CMakeFiles/CMakeTmp'
make: *** [Makefile:121: cmTC_41d87/fast] Error 2


Source file was:
#include <pthread.h>

void* test_func(void* data)
{
  return data;
}

int main(void)
{
  pthread_t thread;
  pthread_create(&thread, NULL, test_func, NULL);
  pthread_detach(thread);
  pthread_join(thread, NULL);
  pthread_atfork(NULL, NULL, NULL);
  pthread_exit(NULL);

  return 0;
}

Determining if the function pthread_create exists in the pthreads failed with the following output:
Change Dir: /home/pioneernuc/robocomp/components/robocomp-pioneer/components/pioneer_monitor/CMakeFiles/CMakeTmp

Run Build Command(s):/usr/bin/make cmTC_7c3e3/fast && /usr/bin/make -f CMakeFiles/cmTC_7c3e3.dir/build.make CMakeFiles/cmTC_7c3e3.dir/build
make[1]: se entra en el directorio '/home/pioneernuc/robocomp/components/robocomp-pioneer/components/pioneer_monitor/CMakeFiles/CMakeTmp'
Building C object CMakeFiles/cmTC_7c3e3.dir/CheckFunctionExists.c.o
/usr/bin/cc   -DCHECK_FUNCTION_EXISTS=pthread_create   -o CMakeFiles/cmTC_7c3e3.dir/CheckFunctionExists.c.o   -c /usr/share/cmake-3.16/Modules/CheckFunctionExists.c
Linking C executable cmTC_7c3e3
/usr/bin/cmake -E cmake_link_script CMakeFiles/cmTC_7c3e3.dir/link.txt --verbose=1
/usr/bin/cc  -DCHECK_FUNCTION_EXISTS=pthread_create    CMakeFiles/cmTC_7c3e3.dir/CheckFunctionExists.c.o  -o cmTC_7c3e3  -lpthreads 
/usr/bin/ld: no se puede encontrar -lpthreads
collect2: error: ld returned 1 exit status
make[1]: *** [CMakeFiles/cmTC_7c3e3.dir/build.make:87: cmTC_7c3e3] Error 1
make[1]: se sale del directorio '/home/pioneernuc/robocomp/components/robocomp-pioneer/components/pioneer_monitor/CMakeFiles/CMakeTmp'
make: *** [Makefile:121: cmTC_7c3e3/fast] Error 2



Performing C SOURCE FILE Test CMAKE_HAVE_LIBC_PTHREAD failed with the following output:
Change Dir: /home/pioneernuc/robocomp/components/robocomp-pioneer/components/pioneer_monitor/CMakeFiles/CMakeTmp

Run Build Command(s):/usr/bin/make -f Makefile cmTC_19a62/fast && /usr/bin/make  -f CMakeFiles/cmTC_19a62.dir/build.make CMakeFiles/cmTC_19a62.dir/build
make[1]: se entra en el directorio '/home/pioneernuc/robocomp/components/robocomp-pioneer/components/pioneer_monitor/CMakeFiles/CMakeTmp'
Building C object CMakeFiles/cmTC_19a62.dir/src.c.o
/usr/bin/cc -DCMAKE_HAVE_LIBC_PTHREAD   -o CMakeFiles/cmTC_19a62.dir/src.c.o -c /home/pioneernuc/robocomp/components/robocomp-pioneer/components/pioneer_monitor/CMakeFiles/CMakeTmp/src.c
Linking C executable cmTC_19a62
/snap/clion/164/bin/cmake/linux/bin/cmake -E cmake_link_script CMakeFiles/cmTC_19a62.dir/link.txt --verbose=1
/usr/bin/cc CMakeFiles/cmTC_19a62.dir/src.c.o -o cmTC_19a62 
/usr/bin/ld: CMakeFiles/cmTC_19a62.dir/src.c.o: en la función `main':
src.c:(.text+0x46): referencia a `pthread_create' sin definir
/usr/bin/ld: src.c:(.text+0x52): referencia a `pthread_detach' sin definir
/usr/bin/ld: src.c:(.text+0x5e): referencia a `pthread_cancel' sin definir
/usr/bin/ld: src.c:(.text+0x6f): referencia a `pthread_join' sin definir
collect2: error: ld returned 1 exit status
make[1]: *** [CMakeFiles/cmTC_19a62.dir/build.make:99: cmTC_19a62] Error 1
make[1]: se sale del directorio '/home/pioneernuc/robocomp/components/robocomp-pioneer/components/pioneer_monitor/CMakeFiles/CMakeTmp'
make: *** [Makefile:127: cmTC_19a62/fast] Error 2


Source file was:
#include <pthread.h>

static void* test_func(void* data)
{
  return data;
}

int main(void)
{
  pthread_t thread;
  pthread_create(&thread, NULL, test_func, NULL);
  pthread_detach(thread);
  pthread_cancel(thread);
  pthread_join(thread, NULL);
  pthread_atfork(NULL, NULL, NULL);
  pthread_exit(NULL);

  return 0;
}

Determining if the function pthread_create exists in the pthreads failed with the following output:
Change Dir: /home/pioneernuc/robocomp/components/robocomp-pioneer/components/pioneer_monitor/CMakeFiles/CMakeTmp

Run Build Command(s):/usr/bin/make -f Makefile cmTC_726e0/fast && /usr/bin/make  -f CMakeFiles/cmTC_726e0.dir/build.make CMakeFiles/cmTC_726e0.dir/build
make[1]: se entra en el directorio '/home/pioneernuc/robocomp/components/robocomp-pioneer/components/pioneer_monitor/CMakeFiles/CMakeTmp'
Building C object CMakeFiles/cmTC_726e0.dir/CheckFunctionExists.c.o
/usr/bin/cc   -DCHECK_FUNCTION_EXISTS=pthread_create -o CMakeFiles/cmTC_726e0.dir/CheckFunctionExists.c.o -c /snap/clion/164/bin/cmake/linux/share/cmake-3.20/Modules/CheckFunctionExists.c
Linking C executable cmTC_726e0
/snap/clion/164/bin/cmake/linux/bin/cmake -E cmake_link_script CMakeFiles/cmTC_726e0.dir/link.txt --verbose=1
/usr/bin/cc  -DCHECK_FUNCTION_EXISTS=pthread_create CMakeFiles/cmTC_726e0.dir/CheckFunctionExists.c.o -o cmTC_726e0  -lpthreads 
/usr/bin/ld: no se puede encontrar -lpthreads
collect2: error: ld returned 1 exit status
make[1]: *** [CMakeFiles/cmTC_726e0.dir/build.make:99: cmTC_726e0] Error 1
make[1]: se sale del directorio '/home/pioneernuc/robocomp/components/robocomp-pioneer/components/pioneer_monitor/CMakeFiles/CMakeTmp'
make: *** [Makefile:127: cmTC_726e0/fast] Error 2



