Performing C SOURCE FILE Test CMAKE_HAVE_LIBC_PTHREAD failed with the following output:
Change Dir: /home/pioneernuc/robocomp/components/robocomp-pioneer/components/realsensePoseEstimation/CMakeFiles/CMakeTmp

Run Build Command(s):/usr/bin/make cmTC_cca6b/fast && /usr/bin/make -f CMakeFiles/cmTC_cca6b.dir/build.make CMakeFiles/cmTC_cca6b.dir/build
make[1]: se entra en el directorio '/home/pioneernuc/robocomp/components/robocomp-pioneer/components/realsensePoseEstimation/CMakeFiles/CMakeTmp'
Building C object CMakeFiles/cmTC_cca6b.dir/src.c.o
/usr/bin/cc   -DCMAKE_HAVE_LIBC_PTHREAD   -o CMakeFiles/cmTC_cca6b.dir/src.c.o   -c /home/pioneernuc/robocomp/components/robocomp-pioneer/components/realsensePoseEstimation/CMakeFiles/CMakeTmp/src.c
Linking C executable cmTC_cca6b
/usr/bin/cmake -E cmake_link_script CMakeFiles/cmTC_cca6b.dir/link.txt --verbose=1
/usr/bin/cc  -DCMAKE_HAVE_LIBC_PTHREAD    CMakeFiles/cmTC_cca6b.dir/src.c.o  -o cmTC_cca6b 
/usr/bin/ld: CMakeFiles/cmTC_cca6b.dir/src.c.o: en la función `main':
src.c:(.text+0x46): referencia a `pthread_create' sin definir
/usr/bin/ld: src.c:(.text+0x52): referencia a `pthread_detach' sin definir
/usr/bin/ld: src.c:(.text+0x63): referencia a `pthread_join' sin definir
collect2: error: ld returned 1 exit status
make[1]: *** [CMakeFiles/cmTC_cca6b.dir/build.make:87: cmTC_cca6b] Error 1
make[1]: se sale del directorio '/home/pioneernuc/robocomp/components/robocomp-pioneer/components/realsensePoseEstimation/CMakeFiles/CMakeTmp'
make: *** [Makefile:121: cmTC_cca6b/fast] Error 2


Source file was:
#include <pthread.h>

void* test_func(void* data)
{
  return data;
}

int main(void)
{
  pthread_t thread;
  pthread_create(&thread, NULL, test_func, NULL);
  pthread_detach(thread);
  pthread_join(thread, NULL);
  pthread_atfork(NULL, NULL, NULL);
  pthread_exit(NULL);

  return 0;
}

Determining if the function pthread_create exists in the pthreads failed with the following output:
Change Dir: /home/pioneernuc/robocomp/components/robocomp-pioneer/components/realsensePoseEstimation/CMakeFiles/CMakeTmp

Run Build Command(s):/usr/bin/make cmTC_15713/fast && /usr/bin/make -f CMakeFiles/cmTC_15713.dir/build.make CMakeFiles/cmTC_15713.dir/build
make[1]: se entra en el directorio '/home/pioneernuc/robocomp/components/robocomp-pioneer/components/realsensePoseEstimation/CMakeFiles/CMakeTmp'
Building C object CMakeFiles/cmTC_15713.dir/CheckFunctionExists.c.o
/usr/bin/cc   -DCHECK_FUNCTION_EXISTS=pthread_create   -o CMakeFiles/cmTC_15713.dir/CheckFunctionExists.c.o   -c /usr/share/cmake-3.16/Modules/CheckFunctionExists.c
Linking C executable cmTC_15713
/usr/bin/cmake -E cmake_link_script CMakeFiles/cmTC_15713.dir/link.txt --verbose=1
/usr/bin/cc  -DCHECK_FUNCTION_EXISTS=pthread_create    CMakeFiles/cmTC_15713.dir/CheckFunctionExists.c.o  -o cmTC_15713  -lpthreads 
/usr/bin/ld: no se puede encontrar -lpthreads
collect2: error: ld returned 1 exit status
make[1]: *** [CMakeFiles/cmTC_15713.dir/build.make:87: cmTC_15713] Error 1
make[1]: se sale del directorio '/home/pioneernuc/robocomp/components/robocomp-pioneer/components/realsensePoseEstimation/CMakeFiles/CMakeTmp'
make: *** [Makefile:121: cmTC_15713/fast] Error 2



Performing C SOURCE FILE Test CMAKE_HAVE_LIBC_PTHREAD failed with the following output:
Change Dir: /home/pioneernuc/robocomp/components/robocomp-pioneer/components/realsensePoseEstimation/CMakeFiles/CMakeTmp

Run Build Command(s):/usr/bin/make cmTC_d2056/fast && /usr/bin/make -f CMakeFiles/cmTC_d2056.dir/build.make CMakeFiles/cmTC_d2056.dir/build
make[1]: se entra en el directorio '/home/pioneernuc/robocomp/components/robocomp-pioneer/components/realsensePoseEstimation/CMakeFiles/CMakeTmp'
Building C object CMakeFiles/cmTC_d2056.dir/src.c.o
/usr/bin/cc   -DCMAKE_HAVE_LIBC_PTHREAD   -o CMakeFiles/cmTC_d2056.dir/src.c.o   -c /home/pioneernuc/robocomp/components/robocomp-pioneer/components/realsensePoseEstimation/CMakeFiles/CMakeTmp/src.c
Linking C executable cmTC_d2056
/usr/bin/cmake -E cmake_link_script CMakeFiles/cmTC_d2056.dir/link.txt --verbose=1
/usr/bin/cc  -DCMAKE_HAVE_LIBC_PTHREAD    CMakeFiles/cmTC_d2056.dir/src.c.o  -o cmTC_d2056 
/usr/bin/ld: CMakeFiles/cmTC_d2056.dir/src.c.o: en la función `main':
src.c:(.text+0x46): referencia a `pthread_create' sin definir
/usr/bin/ld: src.c:(.text+0x52): referencia a `pthread_detach' sin definir
/usr/bin/ld: src.c:(.text+0x63): referencia a `pthread_join' sin definir
collect2: error: ld returned 1 exit status
make[1]: *** [CMakeFiles/cmTC_d2056.dir/build.make:87: cmTC_d2056] Error 1
make[1]: se sale del directorio '/home/pioneernuc/robocomp/components/robocomp-pioneer/components/realsensePoseEstimation/CMakeFiles/CMakeTmp'
make: *** [Makefile:121: cmTC_d2056/fast] Error 2


Source file was:
#include <pthread.h>

void* test_func(void* data)
{
  return data;
}

int main(void)
{
  pthread_t thread;
  pthread_create(&thread, NULL, test_func, NULL);
  pthread_detach(thread);
  pthread_join(thread, NULL);
  pthread_atfork(NULL, NULL, NULL);
  pthread_exit(NULL);

  return 0;
}

Determining if the function pthread_create exists in the pthreads failed with the following output:
Change Dir: /home/pioneernuc/robocomp/components/robocomp-pioneer/components/realsensePoseEstimation/CMakeFiles/CMakeTmp

Run Build Command(s):/usr/bin/make cmTC_1213e/fast && /usr/bin/make -f CMakeFiles/cmTC_1213e.dir/build.make CMakeFiles/cmTC_1213e.dir/build
make[1]: se entra en el directorio '/home/pioneernuc/robocomp/components/robocomp-pioneer/components/realsensePoseEstimation/CMakeFiles/CMakeTmp'
Building C object CMakeFiles/cmTC_1213e.dir/CheckFunctionExists.c.o
/usr/bin/cc   -DCHECK_FUNCTION_EXISTS=pthread_create   -o CMakeFiles/cmTC_1213e.dir/CheckFunctionExists.c.o   -c /usr/share/cmake-3.16/Modules/CheckFunctionExists.c
Linking C executable cmTC_1213e
/usr/bin/cmake -E cmake_link_script CMakeFiles/cmTC_1213e.dir/link.txt --verbose=1
/usr/bin/cc  -DCHECK_FUNCTION_EXISTS=pthread_create    CMakeFiles/cmTC_1213e.dir/CheckFunctionExists.c.o  -o cmTC_1213e  -lpthreads 
/usr/bin/ld: no se puede encontrar -lpthreads
collect2: error: ld returned 1 exit status
make[1]: *** [CMakeFiles/cmTC_1213e.dir/build.make:87: cmTC_1213e] Error 1
make[1]: se sale del directorio '/home/pioneernuc/robocomp/components/robocomp-pioneer/components/realsensePoseEstimation/CMakeFiles/CMakeTmp'
make: *** [Makefile:121: cmTC_1213e/fast] Error 2



