Performing C SOURCE FILE Test CMAKE_HAVE_LIBC_PTHREAD failed with the following output:
Change Dir: /home/pioneernuc/robocomp/components/Robotica-avanzada/pioneer/pioneer_dual_realsense/CMakeFiles/CMakeTmp

Run Build Command(s):/usr/bin/make cmTC_383d3/fast && /usr/bin/make -f CMakeFiles/cmTC_383d3.dir/build.make CMakeFiles/cmTC_383d3.dir/build
make[1]: se entra en el directorio '/home/pioneernuc/robocomp/components/Robotica-avanzada/pioneer/pioneer_dual_realsense/CMakeFiles/CMakeTmp'
Building C object CMakeFiles/cmTC_383d3.dir/src.c.o
/usr/bin/cc   -DCMAKE_HAVE_LIBC_PTHREAD   -o CMakeFiles/cmTC_383d3.dir/src.c.o   -c /home/pioneernuc/robocomp/components/Robotica-avanzada/pioneer/pioneer_dual_realsense/CMakeFiles/CMakeTmp/src.c
Linking C executable cmTC_383d3
/usr/bin/cmake -E cmake_link_script CMakeFiles/cmTC_383d3.dir/link.txt --verbose=1
/usr/bin/cc  -DCMAKE_HAVE_LIBC_PTHREAD    -rdynamic CMakeFiles/cmTC_383d3.dir/src.c.o  -o cmTC_383d3 
/usr/bin/ld: CMakeFiles/cmTC_383d3.dir/src.c.o: en la función `main':
src.c:(.text+0x46): referencia a `pthread_create' sin definir
/usr/bin/ld: src.c:(.text+0x52): referencia a `pthread_detach' sin definir
/usr/bin/ld: src.c:(.text+0x63): referencia a `pthread_join' sin definir
collect2: error: ld returned 1 exit status
make[1]: *** [CMakeFiles/cmTC_383d3.dir/build.make:87: cmTC_383d3] Error 1
make[1]: se sale del directorio '/home/pioneernuc/robocomp/components/Robotica-avanzada/pioneer/pioneer_dual_realsense/CMakeFiles/CMakeTmp'
make: *** [Makefile:121: cmTC_383d3/fast] Error 2


Source file was:
#include <pthread.h>

void* test_func(void* data)
{
  return data;
}

int main(void)
{
  pthread_t thread;
  pthread_create(&thread, NULL, test_func, NULL);
  pthread_detach(thread);
  pthread_join(thread, NULL);
  pthread_atfork(NULL, NULL, NULL);
  pthread_exit(NULL);

  return 0;
}

Determining if the function pthread_create exists in the pthreads failed with the following output:
Change Dir: /home/pioneernuc/robocomp/components/Robotica-avanzada/pioneer/pioneer_dual_realsense/CMakeFiles/CMakeTmp

Run Build Command(s):/usr/bin/make cmTC_087d0/fast && /usr/bin/make -f CMakeFiles/cmTC_087d0.dir/build.make CMakeFiles/cmTC_087d0.dir/build
make[1]: se entra en el directorio '/home/pioneernuc/robocomp/components/Robotica-avanzada/pioneer/pioneer_dual_realsense/CMakeFiles/CMakeTmp'
Building C object CMakeFiles/cmTC_087d0.dir/CheckFunctionExists.c.o
/usr/bin/cc   -DCHECK_FUNCTION_EXISTS=pthread_create   -o CMakeFiles/cmTC_087d0.dir/CheckFunctionExists.c.o   -c /usr/share/cmake-3.16/Modules/CheckFunctionExists.c
Linking C executable cmTC_087d0
/usr/bin/cmake -E cmake_link_script CMakeFiles/cmTC_087d0.dir/link.txt --verbose=1
/usr/bin/cc  -DCHECK_FUNCTION_EXISTS=pthread_create    -rdynamic CMakeFiles/cmTC_087d0.dir/CheckFunctionExists.c.o  -o cmTC_087d0  -lpthreads 
/usr/bin/ld: no se puede encontrar -lpthreads
collect2: error: ld returned 1 exit status
make[1]: *** [CMakeFiles/cmTC_087d0.dir/build.make:87: cmTC_087d0] Error 1
make[1]: se sale del directorio '/home/pioneernuc/robocomp/components/Robotica-avanzada/pioneer/pioneer_dual_realsense/CMakeFiles/CMakeTmp'
make: *** [Makefile:121: cmTC_087d0/fast] Error 2



Performing C SOURCE FILE Test CMAKE_HAVE_LIBC_PTHREAD failed with the following output:
Change Dir: /home/pioneernuc/robocomp/components/robocomp-pioneer/components/pioneer_dual_realsense/CMakeFiles/CMakeTmp

Run Build Command(s):/usr/bin/make cmTC_d9f4a/fast && /usr/bin/make -f CMakeFiles/cmTC_d9f4a.dir/build.make CMakeFiles/cmTC_d9f4a.dir/build
make[1]: se entra en el directorio '/home/pioneernuc/robocomp/components/robocomp-pioneer/components/pioneer_dual_realsense/CMakeFiles/CMakeTmp'
Building C object CMakeFiles/cmTC_d9f4a.dir/src.c.o
/usr/bin/cc   -DCMAKE_HAVE_LIBC_PTHREAD   -o CMakeFiles/cmTC_d9f4a.dir/src.c.o   -c /home/pioneernuc/robocomp/components/robocomp-pioneer/components/pioneer_dual_realsense/CMakeFiles/CMakeTmp/src.c
Linking C executable cmTC_d9f4a
/usr/bin/cmake -E cmake_link_script CMakeFiles/cmTC_d9f4a.dir/link.txt --verbose=1
/usr/bin/cc  -DCMAKE_HAVE_LIBC_PTHREAD    CMakeFiles/cmTC_d9f4a.dir/src.c.o  -o cmTC_d9f4a 
/usr/bin/ld: CMakeFiles/cmTC_d9f4a.dir/src.c.o: en la función `main':
src.c:(.text+0x46): referencia a `pthread_create' sin definir
/usr/bin/ld: src.c:(.text+0x52): referencia a `pthread_detach' sin definir
/usr/bin/ld: src.c:(.text+0x63): referencia a `pthread_join' sin definir
collect2: error: ld returned 1 exit status
make[1]: *** [CMakeFiles/cmTC_d9f4a.dir/build.make:87: cmTC_d9f4a] Error 1
make[1]: se sale del directorio '/home/pioneernuc/robocomp/components/robocomp-pioneer/components/pioneer_dual_realsense/CMakeFiles/CMakeTmp'
make: *** [Makefile:121: cmTC_d9f4a/fast] Error 2


Source file was:
#include <pthread.h>

void* test_func(void* data)
{
  return data;
}

int main(void)
{
  pthread_t thread;
  pthread_create(&thread, NULL, test_func, NULL);
  pthread_detach(thread);
  pthread_join(thread, NULL);
  pthread_atfork(NULL, NULL, NULL);
  pthread_exit(NULL);

  return 0;
}

Determining if the function pthread_create exists in the pthreads failed with the following output:
Change Dir: /home/pioneernuc/robocomp/components/robocomp-pioneer/components/pioneer_dual_realsense/CMakeFiles/CMakeTmp

Run Build Command(s):/usr/bin/make cmTC_19f25/fast && /usr/bin/make -f CMakeFiles/cmTC_19f25.dir/build.make CMakeFiles/cmTC_19f25.dir/build
make[1]: se entra en el directorio '/home/pioneernuc/robocomp/components/robocomp-pioneer/components/pioneer_dual_realsense/CMakeFiles/CMakeTmp'
Building C object CMakeFiles/cmTC_19f25.dir/CheckFunctionExists.c.o
/usr/bin/cc   -DCHECK_FUNCTION_EXISTS=pthread_create   -o CMakeFiles/cmTC_19f25.dir/CheckFunctionExists.c.o   -c /usr/share/cmake-3.16/Modules/CheckFunctionExists.c
Linking C executable cmTC_19f25
/usr/bin/cmake -E cmake_link_script CMakeFiles/cmTC_19f25.dir/link.txt --verbose=1
/usr/bin/cc  -DCHECK_FUNCTION_EXISTS=pthread_create    CMakeFiles/cmTC_19f25.dir/CheckFunctionExists.c.o  -o cmTC_19f25  -lpthreads 
/usr/bin/ld: no se puede encontrar -lpthreads
collect2: error: ld returned 1 exit status
make[1]: *** [CMakeFiles/cmTC_19f25.dir/build.make:87: cmTC_19f25] Error 1
make[1]: se sale del directorio '/home/pioneernuc/robocomp/components/robocomp-pioneer/components/pioneer_dual_realsense/CMakeFiles/CMakeTmp'
make: *** [Makefile:121: cmTC_19f25/fast] Error 2



