Compiling the C compiler identification source file "CMakeCCompilerId.c" failed.
Compiler: /usr/bin/cc 
Build flags: 
Id flags:  

The output was:
1
/usr/bin/ld: falló el enlace final: La operación no está soportada
collect2: error: ld returned 1 exit status


Compiling the C compiler identification source file "CMakeCCompilerId.c" failed.
Compiler: /usr/bin/cc 
Build flags: 
Id flags: -c 

The output was:
1
/tmp/ccjHaCes.s: Mensajes del ensamblador:
/tmp/ccjHaCes.s: Error fatal: no se puede escribir 145 bytes a sección .text de CMakeCCompilerId.o: «La operación no está soportada»
/tmp/ccjHaCes.s: Error fatal: no se puede cerrar CMakeCCompilerId.o: La operación no está soportada


Compiling the C compiler identification source file "CMakeCCompilerId.c" failed.
Compiler: /usr/bin/cc 
Build flags: 
Id flags: -Aa 

The output was:
1
<command-line>: error: missing '(' after predicate


Compiling the C compiler identification source file "CMakeCCompilerId.c" failed.
Compiler: /usr/bin/cc 
Build flags: 
Id flags: -D__CLASSIC_C__ 

The output was:
1
/usr/bin/ld: falló el enlace final: La operación no está soportada
collect2: error: ld returned 1 exit status


Compiling the C compiler identification source file "CMakeCCompilerId.c" failed.
Compiler: /usr/bin/cc 
Build flags: 
Id flags: --target=arm-arm-none-eabi;-mcpu=cortex-m3 

The output was:
1
cc: warning: ‘-mcpu=’ is deprecated; use ‘-mtune=’ or ‘-march=’ instead
cc: error: unrecognized command-line option ‘--target=arm-arm-none-eabi’


Compiling the C compiler identification source file "CMakeCCompilerId.c" failed.
Compiler: /usr/bin/cc 
Build flags: 
Id flags:  

The output was:
1
/usr/bin/ld: falló el enlace final: La operación no está soportada
collect2: error: ld returned 1 exit status


Compiling the C compiler identification source file "CMakeCCompilerId.c" failed.
Compiler: /usr/bin/cc 
Build flags: 
Id flags: -c 

The output was:
1
/tmp/ccFjrALC.s: Mensajes del ensamblador:
/tmp/ccFjrALC.s: Error fatal: no se puede escribir 145 bytes a sección .text de CMakeCCompilerId.o: «La operación no está soportada»
/tmp/ccFjrALC.s: Error fatal: no se puede cerrar CMakeCCompilerId.o: La operación no está soportada


Compiling the C compiler identification source file "CMakeCCompilerId.c" failed.
Compiler: /usr/bin/cc 
Build flags: 
Id flags: -Aa 

The output was:
1
<command-line>: error: missing '(' after predicate


Compiling the C compiler identification source file "CMakeCCompilerId.c" failed.
Compiler: /usr/bin/cc 
Build flags: 
Id flags: -D__CLASSIC_C__ 

The output was:
1
/usr/bin/ld: falló el enlace final: La operación no está soportada
collect2: error: ld returned 1 exit status


Compiling the C compiler identification source file "CMakeCCompilerId.c" failed.
Compiler: /usr/bin/cc 
Build flags: 
Id flags: --target=arm-arm-none-eabi;-mcpu=cortex-m3 

The output was:
1
cc: warning: ‘-mcpu=’ is deprecated; use ‘-mtune=’ or ‘-march=’ instead
cc: error: unrecognized command-line option ‘--target=arm-arm-none-eabi’


Checking whether the C compiler is IAR using "" did not match "IAR .+ Compiler":
cc: fatal error: no input files
compilation terminated.
Checking whether the C compiler is IAR using "" did not match "IAR .+ Compiler":
cc: fatal error: no input files
compilation terminated.
Compiling the CXX compiler identification source file "CMakeCXXCompilerId.cpp" failed.
Compiler: /usr/bin/c++ 
Build flags: 
Id flags:  

The output was:
1
/usr/bin/ld: falló el enlace final: La operación no está soportada
collect2: error: ld returned 1 exit status


Compiling the CXX compiler identification source file "CMakeCXXCompilerId.cpp" failed.
Compiler: /usr/bin/c++ 
Build flags: 
Id flags: -c 

The output was:
1
/tmp/ccrnhNy0.s: Mensajes del ensamblador:
/tmp/ccrnhNy0.s: Error fatal: no se puede escribir 121 bytes a sección .text de CMakeCXXCompilerId.o: «La operación no está soportada»
/tmp/ccrnhNy0.s: Error fatal: no se puede cerrar CMakeCXXCompilerId.o: La operación no está soportada


Compiling the CXX compiler identification source file "CMakeCXXCompilerId.cpp" failed.
Compiler: /usr/bin/c++ 
Build flags: 
Id flags: --c++ 

The output was:
1
c++: error: unrecognized command-line option ‘--c++’


Compiling the CXX compiler identification source file "CMakeCXXCompilerId.cpp" failed.
Compiler: /usr/bin/c++ 
Build flags: 
Id flags: --ec++ 

The output was:
1
c++: error: unrecognized command-line option ‘--ec++’; did you mean ‘-Weffc++’?


Compiling the CXX compiler identification source file "CMakeCXXCompilerId.cpp" failed.
Compiler: /usr/bin/c++ 
Build flags: 
Id flags: --target=arm-arm-none-eabi;-mcpu=cortex-m3 

The output was:
1
c++: warning: ‘-mcpu=’ is deprecated; use ‘-mtune=’ or ‘-march=’ instead
c++: error: unrecognized command-line option ‘--target=arm-arm-none-eabi’


Compiling the CXX compiler identification source file "CMakeCXXCompilerId.cpp" failed.
Compiler: /usr/bin/c++ 
Build flags: 
Id flags:  

The output was:
1
/usr/bin/ld: falló el enlace final: La operación no está soportada
collect2: error: ld returned 1 exit status


Compiling the CXX compiler identification source file "CMakeCXXCompilerId.cpp" failed.
Compiler: /usr/bin/c++ 
Build flags: 
Id flags: -c 

The output was:
1
/tmp/ccwRpQxS.s: Mensajes del ensamblador:
/tmp/ccwRpQxS.s: Error fatal: no se puede escribir 121 bytes a sección .text de CMakeCXXCompilerId.o: «La operación no está soportada»
/tmp/ccwRpQxS.s: Error fatal: no se puede cerrar CMakeCXXCompilerId.o: La operación no está soportada


Compiling the CXX compiler identification source file "CMakeCXXCompilerId.cpp" failed.
Compiler: /usr/bin/c++ 
Build flags: 
Id flags: --c++ 

The output was:
1
c++: error: unrecognized command-line option ‘--c++’


Compiling the CXX compiler identification source file "CMakeCXXCompilerId.cpp" failed.
Compiler: /usr/bin/c++ 
Build flags: 
Id flags: --ec++ 

The output was:
1
c++: error: unrecognized command-line option ‘--ec++’; did you mean ‘-Weffc++’?


Compiling the CXX compiler identification source file "CMakeCXXCompilerId.cpp" failed.
Compiler: /usr/bin/c++ 
Build flags: 
Id flags: --target=arm-arm-none-eabi;-mcpu=cortex-m3 

The output was:
1
c++: warning: ‘-mcpu=’ is deprecated; use ‘-mtune=’ or ‘-march=’ instead
c++: error: unrecognized command-line option ‘--target=arm-arm-none-eabi’


Checking whether the CXX compiler is IAR using "" did not match "IAR .+ Compiler":
c++: fatal error: no input files
compilation terminated.
Checking whether the CXX compiler is IAR using "" did not match "IAR .+ Compiler":
c++: fatal error: no input files
compilation terminated.
Detecting C compiler ABI info failed to compile with the following output:
Change Dir: /run/user/1000/gvfs/sftp:host=pioneernuc.local/home/pioneernuc/robocomp/components/Robotica-avanzada/pioneer/pioneer_robot/CMakeFiles/CMakeTmp

Run Build Command(s):/usr/bin/make cmTC_51455/fast && /usr/bin/make  -f CMakeFiles/cmTC_51455.dir/build.make CMakeFiles/cmTC_51455.dir/build
make[1]: Entering directory '/run/user/1000/gvfs/sftp:host=pioneernuc.local/home/pioneernuc/robocomp/components/Robotica-avanzada/pioneer/pioneer_robot/CMakeFiles/CMakeTmp'
Building C object CMakeFiles/cmTC_51455.dir/CMakeCCompilerABI.c.o
/usr/bin/cc    -o CMakeFiles/cmTC_51455.dir/CMakeCCompilerABI.c.o -c /home/robolab/.local/share/JetBrains/Toolbox/apps/CLion/ch-0/211.7442.42/bin/cmake/linux/share/cmake-3.19/Modules/CMakeCCompilerABI.c
/tmp/ccY169s3.s: Assembler messages:
/tmp/ccY169s3.s: Fatal error: can't write 71 bytes to section .text of CMakeFiles/cmTC_51455.dir/CMakeCCompilerABI.c.o: 'Operation not supported'
/tmp/ccY169s3.s: Fatal error: can't close CMakeFiles/cmTC_51455.dir/CMakeCCompilerABI.c.o: Operation not supported
make[1]: *** [CMakeFiles/cmTC_51455.dir/build.make:85: CMakeFiles/cmTC_51455.dir/CMakeCCompilerABI.c.o] Error 1
make[1]: Leaving directory '/run/user/1000/gvfs/sftp:host=pioneernuc.local/home/pioneernuc/robocomp/components/Robotica-avanzada/pioneer/pioneer_robot/CMakeFiles/CMakeTmp'
make: *** [Makefile:140: cmTC_51455/fast] Error 2




Determining if the C compiler works failed with the following output:
Change Dir: /run/user/1000/gvfs/sftp:host=pioneernuc.local/home/pioneernuc/robocomp/components/Robotica-avanzada/pioneer/pioneer_robot/CMakeFiles/CMakeTmp

Run Build Command(s):/usr/bin/make cmTC_622b1/fast && /usr/bin/make  -f CMakeFiles/cmTC_622b1.dir/build.make CMakeFiles/cmTC_622b1.dir/build
make[1]: se entra en el directorio '/run/user/1000/gvfs/sftp:host=pioneernuc.local/home/pioneernuc/robocomp/components/Robotica-avanzada/pioneer/pioneer_robot/CMakeFiles/CMakeTmp'
Building C object CMakeFiles/cmTC_622b1.dir/testCCompiler.c.o
/usr/bin/cc    -o CMakeFiles/cmTC_622b1.dir/testCCompiler.c.o -c /run/user/1000/gvfs/sftp:host=pioneernuc.local/home/pioneernuc/robocomp/components/Robotica-avanzada/pioneer/pioneer_robot/CMakeFiles/CMakeTmp/testCCompiler.c
/tmp/ccilHDCy.s: Mensajes del ensamblador:
/tmp/ccilHDCy.s: Error fatal: no se puede escribir 23 bytes a sección .text de CMakeFiles/cmTC_622b1.dir/testCCompiler.c.o: «La operación no está soportada»
/tmp/ccilHDCy.s: Error fatal: no se puede cerrar CMakeFiles/cmTC_622b1.dir/testCCompiler.c.o: La operación no está soportada
make[1]: *** [CMakeFiles/cmTC_622b1.dir/build.make:85: CMakeFiles/cmTC_622b1.dir/testCCompiler.c.o] Error 1
make[1]: se sale del directorio '/run/user/1000/gvfs/sftp:host=pioneernuc.local/home/pioneernuc/robocomp/components/Robotica-avanzada/pioneer/pioneer_robot/CMakeFiles/CMakeTmp'
make: *** [Makefile:140: cmTC_622b1/fast] Error 2



Performing C SOURCE FILE Test CMAKE_HAVE_LIBC_PTHREAD failed with the following output:
Change Dir: /home/pioneernuc/robocomp/components/Robotica-avanzada/pioneer/pioneer_robot/CMakeFiles/CMakeTmp

Run Build Command(s):/usr/bin/make cmTC_26815/fast && /usr/bin/make -f CMakeFiles/cmTC_26815.dir/build.make CMakeFiles/cmTC_26815.dir/build
make[1]: se entra en el directorio '/home/pioneernuc/robocomp/components/Robotica-avanzada/pioneer/pioneer_robot/CMakeFiles/CMakeTmp'
Building C object CMakeFiles/cmTC_26815.dir/src.c.o
/usr/bin/cc   -DCMAKE_HAVE_LIBC_PTHREAD   -o CMakeFiles/cmTC_26815.dir/src.c.o   -c /home/pioneernuc/robocomp/components/Robotica-avanzada/pioneer/pioneer_robot/CMakeFiles/CMakeTmp/src.c
Linking C executable cmTC_26815
/usr/bin/cmake -E cmake_link_script CMakeFiles/cmTC_26815.dir/link.txt --verbose=1
/usr/bin/cc  -DCMAKE_HAVE_LIBC_PTHREAD    -rdynamic CMakeFiles/cmTC_26815.dir/src.c.o  -o cmTC_26815 
/usr/bin/ld: CMakeFiles/cmTC_26815.dir/src.c.o: en la función `main':
src.c:(.text+0x46): referencia a `pthread_create' sin definir
/usr/bin/ld: src.c:(.text+0x52): referencia a `pthread_detach' sin definir
/usr/bin/ld: src.c:(.text+0x63): referencia a `pthread_join' sin definir
collect2: error: ld returned 1 exit status
make[1]: *** [CMakeFiles/cmTC_26815.dir/build.make:87: cmTC_26815] Error 1
make[1]: se sale del directorio '/home/pioneernuc/robocomp/components/Robotica-avanzada/pioneer/pioneer_robot/CMakeFiles/CMakeTmp'
make: *** [Makefile:121: cmTC_26815/fast] Error 2


Source file was:
#include <pthread.h>

void* test_func(void* data)
{
  return data;
}

int main(void)
{
  pthread_t thread;
  pthread_create(&thread, NULL, test_func, NULL);
  pthread_detach(thread);
  pthread_join(thread, NULL);
  pthread_atfork(NULL, NULL, NULL);
  pthread_exit(NULL);

  return 0;
}

Determining if the function pthread_create exists in the pthreads failed with the following output:
Change Dir: /home/pioneernuc/robocomp/components/Robotica-avanzada/pioneer/pioneer_robot/CMakeFiles/CMakeTmp

Run Build Command(s):/usr/bin/make cmTC_953f3/fast && /usr/bin/make -f CMakeFiles/cmTC_953f3.dir/build.make CMakeFiles/cmTC_953f3.dir/build
make[1]: se entra en el directorio '/home/pioneernuc/robocomp/components/Robotica-avanzada/pioneer/pioneer_robot/CMakeFiles/CMakeTmp'
Building C object CMakeFiles/cmTC_953f3.dir/CheckFunctionExists.c.o
/usr/bin/cc   -DCHECK_FUNCTION_EXISTS=pthread_create   -o CMakeFiles/cmTC_953f3.dir/CheckFunctionExists.c.o   -c /usr/share/cmake-3.16/Modules/CheckFunctionExists.c
Linking C executable cmTC_953f3
/usr/bin/cmake -E cmake_link_script CMakeFiles/cmTC_953f3.dir/link.txt --verbose=1
/usr/bin/cc  -DCHECK_FUNCTION_EXISTS=pthread_create    -rdynamic CMakeFiles/cmTC_953f3.dir/CheckFunctionExists.c.o  -o cmTC_953f3  -lpthreads 
/usr/bin/ld: no se puede encontrar -lpthreads
collect2: error: ld returned 1 exit status
make[1]: *** [CMakeFiles/cmTC_953f3.dir/build.make:87: cmTC_953f3] Error 1
make[1]: se sale del directorio '/home/pioneernuc/robocomp/components/Robotica-avanzada/pioneer/pioneer_robot/CMakeFiles/CMakeTmp'
make: *** [Makefile:121: cmTC_953f3/fast] Error 2



Performing C SOURCE FILE Test CMAKE_HAVE_LIBC_PTHREAD failed with the following output:
Change Dir: /home/pioneernuc/robocomp/components/robocomp-pioneer/components/pioneer_robot/CMakeFiles/CMakeTmp

Run Build Command(s):/usr/bin/make cmTC_1bc50/fast && /usr/bin/make -f CMakeFiles/cmTC_1bc50.dir/build.make CMakeFiles/cmTC_1bc50.dir/build
make[1]: se entra en el directorio '/home/pioneernuc/robocomp/components/robocomp-pioneer/components/pioneer_robot/CMakeFiles/CMakeTmp'
Building C object CMakeFiles/cmTC_1bc50.dir/src.c.o
/usr/bin/cc   -DCMAKE_HAVE_LIBC_PTHREAD   -o CMakeFiles/cmTC_1bc50.dir/src.c.o   -c /home/pioneernuc/robocomp/components/robocomp-pioneer/components/pioneer_robot/CMakeFiles/CMakeTmp/src.c
Linking C executable cmTC_1bc50
/usr/bin/cmake -E cmake_link_script CMakeFiles/cmTC_1bc50.dir/link.txt --verbose=1
/usr/bin/cc  -DCMAKE_HAVE_LIBC_PTHREAD    -rdynamic CMakeFiles/cmTC_1bc50.dir/src.c.o  -o cmTC_1bc50 
/usr/bin/ld: CMakeFiles/cmTC_1bc50.dir/src.c.o: en la función `main':
src.c:(.text+0x46): referencia a `pthread_create' sin definir
/usr/bin/ld: src.c:(.text+0x52): referencia a `pthread_detach' sin definir
/usr/bin/ld: src.c:(.text+0x63): referencia a `pthread_join' sin definir
collect2: error: ld returned 1 exit status
make[1]: *** [CMakeFiles/cmTC_1bc50.dir/build.make:87: cmTC_1bc50] Error 1
make[1]: se sale del directorio '/home/pioneernuc/robocomp/components/robocomp-pioneer/components/pioneer_robot/CMakeFiles/CMakeTmp'
make: *** [Makefile:121: cmTC_1bc50/fast] Error 2


Source file was:
#include <pthread.h>

void* test_func(void* data)
{
  return data;
}

int main(void)
{
  pthread_t thread;
  pthread_create(&thread, NULL, test_func, NULL);
  pthread_detach(thread);
  pthread_join(thread, NULL);
  pthread_atfork(NULL, NULL, NULL);
  pthread_exit(NULL);

  return 0;
}

Determining if the function pthread_create exists in the pthreads failed with the following output:
Change Dir: /home/pioneernuc/robocomp/components/robocomp-pioneer/components/pioneer_robot/CMakeFiles/CMakeTmp

Run Build Command(s):/usr/bin/make cmTC_8a4c2/fast && /usr/bin/make -f CMakeFiles/cmTC_8a4c2.dir/build.make CMakeFiles/cmTC_8a4c2.dir/build
make[1]: se entra en el directorio '/home/pioneernuc/robocomp/components/robocomp-pioneer/components/pioneer_robot/CMakeFiles/CMakeTmp'
Building C object CMakeFiles/cmTC_8a4c2.dir/CheckFunctionExists.c.o
/usr/bin/cc   -DCHECK_FUNCTION_EXISTS=pthread_create   -o CMakeFiles/cmTC_8a4c2.dir/CheckFunctionExists.c.o   -c /usr/share/cmake-3.16/Modules/CheckFunctionExists.c
Linking C executable cmTC_8a4c2
/usr/bin/cmake -E cmake_link_script CMakeFiles/cmTC_8a4c2.dir/link.txt --verbose=1
/usr/bin/cc  -DCHECK_FUNCTION_EXISTS=pthread_create    -rdynamic CMakeFiles/cmTC_8a4c2.dir/CheckFunctionExists.c.o  -o cmTC_8a4c2  -lpthreads 
/usr/bin/ld: no se puede encontrar -lpthreads
collect2: error: ld returned 1 exit status
make[1]: *** [CMakeFiles/cmTC_8a4c2.dir/build.make:87: cmTC_8a4c2] Error 1
make[1]: se sale del directorio '/home/pioneernuc/robocomp/components/robocomp-pioneer/components/pioneer_robot/CMakeFiles/CMakeTmp'
make: *** [Makefile:121: cmTC_8a4c2/fast] Error 2



Performing C SOURCE FILE Test CMAKE_HAVE_LIBC_PTHREAD failed with the following output:
Change Dir: /home/pioneernuc/robocomp/components/robocomp-pioneer/components/pioneer_robot/CMakeFiles/CMakeTmp

Run Build Command(s):/usr/bin/make cmTC_656c7/fast && /usr/bin/make -f CMakeFiles/cmTC_656c7.dir/build.make CMakeFiles/cmTC_656c7.dir/build
make[1]: se entra en el directorio '/home/pioneernuc/robocomp/components/robocomp-pioneer/components/pioneer_robot/CMakeFiles/CMakeTmp'
Building C object CMakeFiles/cmTC_656c7.dir/src.c.o
/usr/bin/cc   -DCMAKE_HAVE_LIBC_PTHREAD   -o CMakeFiles/cmTC_656c7.dir/src.c.o   -c /home/pioneernuc/robocomp/components/robocomp-pioneer/components/pioneer_robot/CMakeFiles/CMakeTmp/src.c
Linking C executable cmTC_656c7
/usr/bin/cmake -E cmake_link_script CMakeFiles/cmTC_656c7.dir/link.txt --verbose=1
/usr/bin/cc  -DCMAKE_HAVE_LIBC_PTHREAD    CMakeFiles/cmTC_656c7.dir/src.c.o  -o cmTC_656c7 
/usr/bin/ld: CMakeFiles/cmTC_656c7.dir/src.c.o: en la función `main':
src.c:(.text+0x46): referencia a `pthread_create' sin definir
/usr/bin/ld: src.c:(.text+0x52): referencia a `pthread_detach' sin definir
/usr/bin/ld: src.c:(.text+0x63): referencia a `pthread_join' sin definir
collect2: error: ld returned 1 exit status
make[1]: *** [CMakeFiles/cmTC_656c7.dir/build.make:87: cmTC_656c7] Error 1
make[1]: se sale del directorio '/home/pioneernuc/robocomp/components/robocomp-pioneer/components/pioneer_robot/CMakeFiles/CMakeTmp'
make: *** [Makefile:121: cmTC_656c7/fast] Error 2


Source file was:
#include <pthread.h>

void* test_func(void* data)
{
  return data;
}

int main(void)
{
  pthread_t thread;
  pthread_create(&thread, NULL, test_func, NULL);
  pthread_detach(thread);
  pthread_join(thread, NULL);
  pthread_atfork(NULL, NULL, NULL);
  pthread_exit(NULL);

  return 0;
}

Determining if the function pthread_create exists in the pthreads failed with the following output:
Change Dir: /home/pioneernuc/robocomp/components/robocomp-pioneer/components/pioneer_robot/CMakeFiles/CMakeTmp

Run Build Command(s):/usr/bin/make cmTC_c2dde/fast && /usr/bin/make -f CMakeFiles/cmTC_c2dde.dir/build.make CMakeFiles/cmTC_c2dde.dir/build
make[1]: se entra en el directorio '/home/pioneernuc/robocomp/components/robocomp-pioneer/components/pioneer_robot/CMakeFiles/CMakeTmp'
Building C object CMakeFiles/cmTC_c2dde.dir/CheckFunctionExists.c.o
/usr/bin/cc   -DCHECK_FUNCTION_EXISTS=pthread_create   -o CMakeFiles/cmTC_c2dde.dir/CheckFunctionExists.c.o   -c /usr/share/cmake-3.16/Modules/CheckFunctionExists.c
Linking C executable cmTC_c2dde
/usr/bin/cmake -E cmake_link_script CMakeFiles/cmTC_c2dde.dir/link.txt --verbose=1
/usr/bin/cc  -DCHECK_FUNCTION_EXISTS=pthread_create    CMakeFiles/cmTC_c2dde.dir/CheckFunctionExists.c.o  -o cmTC_c2dde  -lpthreads 
/usr/bin/ld: no se puede encontrar -lpthreads
collect2: error: ld returned 1 exit status
make[1]: *** [CMakeFiles/cmTC_c2dde.dir/build.make:87: cmTC_c2dde] Error 1
make[1]: se sale del directorio '/home/pioneernuc/robocomp/components/robocomp-pioneer/components/pioneer_robot/CMakeFiles/CMakeTmp'
make: *** [Makefile:121: cmTC_c2dde/fast] Error 2



